app/build/intermediates/manifest_merge_blame_file/debug/manifest-merger-blame-debug-report.txt
1<?xml version="1.0" encoding="utf-8"?>
2<manifest xmlns:android="http://schemas.android.com/apk/res/android"
3    package="com.example.bus_ticketapplication"
4    android:versionCode="1"
5    android:versionName="1.0" >
6
7    <uses-sdk
8        android:minSdkVersion="26"
8-->src\main\AndroidManifest.xml
9        android:targetSdkVersion="32" />
9-->src\main\AndroidManifest.xml
10
11    <uses-permission android:name="android.permission.ACCESS_COARSE_LOCATION" />
11-->src\main\AndroidManifest.xml:6:5-81
11-->src\main\AndroidManifest.xml:6:22-78
12    <uses-permission android:name="android.permission.ACCESS_FINE_LOCATION" />
12-->src\main\AndroidManifest.xml:7:5-79
12-->src\main\AndroidManifest.xml:7:22-76
13    <uses-permission android:name="android.permission.WRITE_EXTERNAL_STORAGE" />
13-->src\main\AndroidManifest.xml:8:5-81
13-->src\main\AndroidManifest.xml:8:22-78
14    <uses-permission android:name="android.permission.READ_EXTERNAL_STORAGE" />
14-->src\main\AndroidManifest.xml:9:5-80
14-->src\main\AndroidManifest.xml:9:22-77
15    <uses-permission android:name="android.permission.INTERNET" />
15-->src\main\AndroidManifest.xml:10:5-67
15-->src\main\AndroidManifest.xml:10:22-64
16    <uses-permission android:name="android.permission.ACCESS_NETWORK_STATE" />
16-->[com.google.firebase:firebase-inappmessaging-display:20.1.2] AndroidManifest.xml:11:5-79
16-->[com.google.firebase:firebase-inappmessaging-display:20.1.2] AndroidManifest.xml:11:22-76
17
18    <queries>
18-->[com.google.firebase:firebase-inappmessaging-display:20.1.2] AndroidManifest.xml:14:5-20:15
19        <intent>
19-->[com.google.firebase:firebase-inappmessaging-display:20.1.2] AndroidManifest.xml:15:9-19:18
20            <action android:name="android.intent.action.VIEW" />
20-->[com.google.firebase:firebase-inappmessaging-display:20.1.2] AndroidManifest.xml:16:13-65
20-->[com.google.firebase:firebase-inappmessaging-display:20.1.2] AndroidManifest.xml:16:21-62
21
22            <data android:scheme="https" />
22-->[com.google.firebase:firebase-inappmessaging-display:20.1.2] AndroidManifest.xml:18:13-44
22-->[com.google.firebase:firebase-inappmessaging-display:20.1.2] AndroidManifest.xml:18:19-41
23        </intent>
24        <!-- Needs to be explicitly declared on Android R+ -->
25        <package android:name="com.google.android.apps.maps" />
25-->[com.google.android.gms:play-services-maps:18.0.2] AndroidManifest.xml:33:9-64
25-->[com.google.android.gms:play-services-maps:18.0.2] AndroidManifest.xml:33:18-61
26
27        <intent>
27-->[androidx.wear.tiles:tiles:1.1.0-beta01] AndroidManifest.xml:8:9-10:18
28            <action android:name="androidx.wear.tiles.action.BIND_UPDATE_REQUESTER" />
28-->[androidx.wear.tiles:tiles:1.1.0-beta01] AndroidManifest.xml:9:13-87
28-->[androidx.wear.tiles:tiles:1.1.0-beta01] AndroidManifest.xml:9:21-84
29        </intent>
30    </queries>
31
32    <uses-feature
32-->[com.google.android.gms:play-services-maps:18.0.2] AndroidManifest.xml:26:5-28:35
33        android:glEsVersion="0x00020000"
33-->[com.google.android.gms:play-services-maps:18.0.2] AndroidManifest.xml:27:9-41
34        android:required="true" />
34-->[com.google.android.gms:play-services-maps:18.0.2] AndroidManifest.xml:28:9-32
35
36    <uses-permission android:name="android.permission.WAKE_LOCK" /> <!-- Required by older versions of Google Play services to create IID tokens -->
36-->[com.google.firebase:firebase-iid:21.1.0] AndroidManifest.xml:24:5-68
36-->[com.google.firebase:firebase-iid:21.1.0] AndroidManifest.xml:24:22-65
37    <uses-permission android:name="com.google.android.c2dm.permission.RECEIVE" />
37-->[com.google.firebase:firebase-iid:21.1.0] AndroidManifest.xml:26:5-82
37-->[com.google.firebase:firebase-iid:21.1.0] AndroidManifest.xml:26:22-79
38    <uses-permission android:name="com.google.android.gms.permission.AD_ID" />
38-->[com.google.android.gms:play-services-measurement-api:21.0.0] AndroidManifest.xml:25:5-79
38-->[com.google.android.gms:play-services-measurement-api:21.0.0] AndroidManifest.xml:25:22-76
39    <uses-permission android:name="com.google.android.finsky.permission.BIND_GET_INSTALL_REFERRER_SERVICE" />
39-->[com.google.android.gms:play-services-measurement:21.0.0] AndroidManifest.xml:26:5-110
39-->[com.google.android.gms:play-services-measurement:21.0.0] AndroidManifest.xml:26:22-107
40
41    <application
41-->src\main\AndroidManifest.xml:12:5-90:19
42        android:allowBackup="true"
42-->src\main\AndroidManifest.xml:13:9-35
43        android:appComponentFactory="androidx.core.app.CoreComponentFactory"
43-->[androidx.core:core:1.7.0] AndroidManifest.xml:24:18-86
44        android:debuggable="true"
45        android:extractNativeLibs="false"
46        android:icon="@mipmap/ic_launcher"
46-->src\main\AndroidManifest.xml:14:9-43
47        android:label="@string/app_name"
47-->src\main\AndroidManifest.xml:15:9-41
48        android:roundIcon="@mipmap/ic_launcher_round"
48-->src\main\AndroidManifest.xml:16:9-54
49        android:supportsRtl="true"
49-->src\main\AndroidManifest.xml:17:9-35
50        android:testOnly="true"
51        android:theme="@style/Theme.BusTicketApplication" >
51-->src\main\AndroidManifest.xml:18:9-58
52        <activity
52-->src\main\AndroidManifest.xml:20:9-22:40
53            android:name="com.example.bus_ticketapplication.ViewPDFActivity"
53-->src\main\AndroidManifest.xml:21:13-44
54            android:exported="false" />
54-->src\main\AndroidManifest.xml:22:13-37
55        <activity
55-->src\main\AndroidManifest.xml:23:9-25:40
56            android:name="com.example.bus_ticketapplication.CancelActivity"
56-->src\main\AndroidManifest.xml:24:13-43
57            android:exported="false" />
57-->src\main\AndroidManifest.xml:25:13-37
58        <activity
58-->src\main\AndroidManifest.xml:26:9-28:40
59            android:name="com.example.bus_ticketapplication.Admin.MainActivity"
59-->src\main\AndroidManifest.xml:27:13-47
60            android:exported="false" />
60-->src\main\AndroidManifest.xml:28:13-37
61        <activity
61-->src\main\AndroidManifest.xml:29:9-31:40
62            android:name="com.example.bus_ticketapplication.BuslistActivity"
62-->src\main\AndroidManifest.xml:30:13-44
63            android:exported="false" />
63-->src\main\AndroidManifest.xml:31:13-37
64        <activity
64-->src\main\AndroidManifest.xml:32:9-34:40
65            android:name="com.example.bus_ticketapplication.Payable"
65-->src\main\AndroidManifest.xml:33:13-36
66            android:exported="false" />
66-->src\main\AndroidManifest.xml:34:13-37
67        <activity
67-->src\main\AndroidManifest.xml:35:9-37:40
68            android:name="com.example.bus_ticketapplication.Maps.MapsActivity"
68-->src\main\AndroidManifest.xml:36:13-46
69            android:exported="false" />
69-->src\main\AndroidManifest.xml:37:13-37
70        <activity
70-->src\main\AndroidManifest.xml:38:9-40:40
71            android:name="com.example.bus_ticketapplication.Print"
71-->src\main\AndroidManifest.xml:39:13-34
72            android:exported="false" />
72-->src\main\AndroidManifest.xml:40:13-37
73        <activity
73-->src\main\AndroidManifest.xml:41:9-43:40
74            android:name="com.example.bus_ticketapplication.TicketDetailsActivity"
74-->src\main\AndroidManifest.xml:42:13-50
75            android:exported="false" />
75-->src\main\AndroidManifest.xml:43:13-37
76        <activity
76-->src\main\AndroidManifest.xml:44:9-46:40
77            android:name="com.example.bus_ticketapplication.TicketActivity"
77-->src\main\AndroidManifest.xml:45:13-43
78            android:exported="false" />
78-->src\main\AndroidManifest.xml:46:13-37
79        <activity
79-->src\main\AndroidManifest.xml:47:9-49:40
80            android:name="com.example.bus_ticketapplication.Notification"
80-->src\main\AndroidManifest.xml:48:13-41
81            android:exported="false" />
81-->src\main\AndroidManifest.xml:49:13-37
82        <activity
82-->src\main\AndroidManifest.xml:50:9-52:40
83            android:name="com.example.bus_ticketapplication.ConfirmTicket"
83-->src\main\AndroidManifest.xml:51:13-42
84            android:exported="false" />
84-->src\main\AndroidManifest.xml:52:13-37
85        <activity
85-->src\main\AndroidManifest.xml:53:9-55:40
86            android:name="com.example.bus_ticketapplication.SeatActivity"
86-->src\main\AndroidManifest.xml:54:13-41
87            android:exported="false" />
87-->src\main\AndroidManifest.xml:55:13-37
88        <activity
88-->src\main\AndroidManifest.xml:56:9-58:40
89            android:name="com.example.bus_ticketapplication.Admin.ViewBus"
89-->src\main\AndroidManifest.xml:57:13-42
90            android:exported="false" />
90-->src\main\AndroidManifest.xml:58:13-37
91        <activity
91-->src\main\AndroidManifest.xml:59:9-61:40
92            android:name="com.example.bus_ticketapplication.BusActivity"
92-->src\main\AndroidManifest.xml:60:13-40
93            android:exported="false" />
93-->src\main\AndroidManifest.xml:61:13-37
94        <activity
94-->src\main\AndroidManifest.xml:62:9-64:40
95            android:name="com.example.bus_ticketapplication.Admin.AdminActivity"
95-->src\main\AndroidManifest.xml:63:13-48
96            android:exported="false" />
96-->src\main\AndroidManifest.xml:64:13-37
97        <activity
97-->src\main\AndroidManifest.xml:65:9-67:40
98            android:name="com.example.bus_ticketapplication.Admin.adminlogin"
98-->src\main\AndroidManifest.xml:66:13-45
99            android:exported="false" />
99-->src\main\AndroidManifest.xml:67:13-37
100        <activity
100-->src\main\AndroidManifest.xml:68:9-70:40
101            android:name="com.example.bus_ticketapplication.RegisterUser"
101-->src\main\AndroidManifest.xml:69:13-41
102            android:exported="false" />
102-->src\main\AndroidManifest.xml:70:13-37
103        <activity
103-->src\main\AndroidManifest.xml:71:9-73:40
104            android:name="com.example.bus_ticketapplication.UserDashboard"
104-->src\main\AndroidManifest.xml:72:13-42
105            android:exported="false" />
105-->src\main\AndroidManifest.xml:73:13-37
106        <activity
106-->src\main\AndroidManifest.xml:74:9-76:40
107            android:name="com.example.bus_ticketapplication.LoginUser"
107-->src\main\AndroidManifest.xml:75:13-38
108            android:exported="false" />
108-->src\main\AndroidManifest.xml:76:13-37
109        <activity
109-->src\main\AndroidManifest.xml:77:9-85:20
110            android:name="com.example.bus_ticketapplication.Splash"
110-->src\main\AndroidManifest.xml:78:13-35
111            android:exported="true" >
111-->src\main\AndroidManifest.xml:79:13-36
112            <intent-filter>
112-->src\main\AndroidManifest.xml:80:13-84:29
113                <action android:name="android.intent.action.MAIN" />
113-->src\main\AndroidManifest.xml:81:17-69
113-->src\main\AndroidManifest.xml:81:25-66
114
115                <category android:name="android.intent.category.LAUNCHER" />
115-->src\main\AndroidManifest.xml:83:17-77
115-->src\main\AndroidManifest.xml:83:27-74
116            </intent-filter>
117        </activity>
118
119        <meta-data
119-->src\main\AndroidManifest.xml:87:9-89:71
120            android:name="com.google.android.geo.API_KEY"
120-->src\main\AndroidManifest.xml:88:13-58
121            android:value="AIzaSyBETS0yEKXve-ULi2akgx09oh358HAfeyI" />
121-->src\main\AndroidManifest.xml:89:13-68
122
123        <activity
123-->[com.karumi:dexter:5.0.0] AndroidManifest.xml:27:9-29:72
124            android:name="com.karumi.dexter.DexterActivity"
124-->[com.karumi:dexter:5.0.0] AndroidManifest.xml:28:13-60
125            android:theme="@style/Dexter.Internal.Theme.Transparent" />
125-->[com.karumi:dexter:5.0.0] AndroidManifest.xml:29:13-69
126
127        <service
127-->[com.google.firebase:firebase-inappmessaging-display:20.1.2] AndroidManifest.xml:23:9-29:19
128            android:name="com.google.firebase.components.ComponentDiscoveryService"
128-->[com.google.firebase:firebase-inappmessaging-display:20.1.2] AndroidManifest.xml:24:13-84
129            android:directBootAware="true"
129-->[com.google.firebase:firebase-common:20.1.1] AndroidManifest.xml:35:13-43
130            android:exported="false" >
130-->[com.google.firebase:firebase-inappmessaging-display:20.1.2] AndroidManifest.xml:25:13-37
131            <meta-data
131-->[com.google.firebase:firebase-inappmessaging-display:20.1.2] AndroidManifest.xml:26:13-28:85
132                android:name="com.google.firebase.components:com.google.firebase.inappmessaging.display.FirebaseInAppMessagingDisplayRegistrar"
132-->[com.google.firebase:firebase-inappmessaging-display:20.1.2] AndroidManifest.xml:27:17-144
133                android:value="com.google.firebase.components.ComponentRegistrar" />
133-->[com.google.firebase:firebase-inappmessaging-display:20.1.2] AndroidManifest.xml:28:17-82
134            <meta-data
134-->[com.google.firebase:firebase-auth:21.0.6] AndroidManifest.xml:67:13-69:85
135                android:name="com.google.firebase.components:com.google.firebase.auth.FirebaseAuthRegistrar"
135-->[com.google.firebase:firebase-auth:21.0.6] AndroidManifest.xml:68:17-109
136                android:value="com.google.firebase.components.ComponentRegistrar" />
136-->[com.google.firebase:firebase-auth:21.0.6] AndroidManifest.xml:69:17-82
137            <meta-data
137-->[com.google.firebase:firebase-database:20.0.5] AndroidManifest.xml:32:13-34:85
138                android:name="com.google.firebase.components:com.google.firebase.database.DatabaseRegistrar"
138-->[com.google.firebase:firebase-database:20.0.5] AndroidManifest.xml:33:17-109
139                android:value="com.google.firebase.components.ComponentRegistrar" />
139-->[com.google.firebase:firebase-database:20.0.5] AndroidManifest.xml:34:17-82
140            <meta-data
140-->[com.google.firebase:firebase-firestore:24.2.1] AndroidManifest.xml:20:13-22:85
141                android:name="com.google.firebase.components:com.google.firebase.firestore.FirestoreRegistrar"
141-->[com.google.firebase:firebase-firestore:24.2.1] AndroidManifest.xml:21:17-111
142                android:value="com.google.firebase.components.ComponentRegistrar" />
142-->[com.google.firebase:firebase-firestore:24.2.1] AndroidManifest.xml:22:17-82
143            <meta-data
143-->[com.google.firebase:firebase-inappmessaging:20.1.2] AndroidManifest.xml:17:13-19:85
144                android:name="com.google.firebase.components:com.google.firebase.inappmessaging.FirebaseInAppMessagingRegistrar"
144-->[com.google.firebase:firebase-inappmessaging:20.1.2] AndroidManifest.xml:18:17-129
145                android:value="com.google.firebase.components.ComponentRegistrar" />
145-->[com.google.firebase:firebase-inappmessaging:20.1.2] AndroidManifest.xml:19:17-82
146            <meta-data
146-->[com.google.firebase:firebase-functions:20.1.0] AndroidManifest.xml:18:13-20:85
147                android:name="com.google.firebase.components:com.google.firebase.functions.FunctionsRegistrar"
147-->[com.google.firebase:firebase-functions:20.1.0] AndroidManifest.xml:19:17-111
148                android:value="com.google.firebase.components.ComponentRegistrar" />
148-->[com.google.firebase:firebase-functions:20.1.0] AndroidManifest.xml:20:17-82
149            <meta-data
149-->[com.google.firebase:firebase-storage:20.0.1] AndroidManifest.xml:33:13-35:85
150                android:name="com.google.firebase.components:com.google.firebase.storage.StorageRegistrar"
150-->[com.google.firebase:firebase-storage:20.0.1] AndroidManifest.xml:34:17-107
151                android:value="com.google.firebase.components.ComponentRegistrar" />
151-->[com.google.firebase:firebase-storage:20.0.1] AndroidManifest.xml:35:17-82
152            <meta-data
152-->[com.google.firebase:firebase-abt:21.0.1] AndroidManifest.xml:13:13-15:85
153                android:name="com.google.firebase.components:com.google.firebase.abt.component.AbtRegistrar"
153-->[com.google.firebase:firebase-abt:21.0.1] AndroidManifest.xml:14:17-109
154                android:value="com.google.firebase.components.ComponentRegistrar" />
154-->[com.google.firebase:firebase-abt:21.0.1] AndroidManifest.xml:15:17-82
155            <meta-data
155-->[com.google.firebase:firebase-datatransport:18.1.1] AndroidManifest.xml:28:13-30:85
156                android:name="com.google.firebase.components:com.google.firebase.datatransport.TransportRegistrar"
156-->[com.google.firebase:firebase-datatransport:18.1.1] AndroidManifest.xml:29:17-115
157                android:value="com.google.firebase.components.ComponentRegistrar" />
157-->[com.google.firebase:firebase-datatransport:18.1.1] AndroidManifest.xml:30:17-82
158            <meta-data
158-->[com.google.firebase:firebase-iid:21.1.0] AndroidManifest.xml:32:13-34:85
159                android:name="com.google.firebase.components:com.google.firebase.iid.Registrar"
159-->[com.google.firebase:firebase-iid:21.1.0] AndroidManifest.xml:33:17-96
160                android:value="com.google.firebase.components.ComponentRegistrar" />
160-->[com.google.firebase:firebase-iid:21.1.0] AndroidManifest.xml:34:17-82
161            <meta-data
161-->[com.google.android.gms:play-services-measurement-api:21.0.0] AndroidManifest.xml:31:13-33:85
162                android:name="com.google.firebase.components:com.google.firebase.analytics.connector.internal.AnalyticsConnectorRegistrar"
162-->[com.google.android.gms:play-services-measurement-api:21.0.0] AndroidManifest.xml:32:17-139
163                android:value="com.google.firebase.components.ComponentRegistrar" />
163-->[com.google.android.gms:play-services-measurement-api:21.0.0] AndroidManifest.xml:33:17-82
164            <meta-data
164-->[com.google.firebase:firebase-installations:17.0.1] AndroidManifest.xml:18:13-20:85
165                android:name="com.google.firebase.components:com.google.firebase.installations.FirebaseInstallationsRegistrar"
165-->[com.google.firebase:firebase-installations:17.0.1] AndroidManifest.xml:19:17-127
166                android:value="com.google.firebase.components.ComponentRegistrar" />
166-->[com.google.firebase:firebase-installations:17.0.1] AndroidManifest.xml:20:17-82
167        </service>
168
169        <activity
169-->[com.google.firebase:firebase-auth:21.0.6] AndroidManifest.xml:27:9-44:20
170            android:name="com.google.firebase.auth.internal.GenericIdpActivity"
170-->[com.google.firebase:firebase-auth:21.0.6] AndroidManifest.xml:28:13-80
171            android:excludeFromRecents="true"
171-->[com.google.firebase:firebase-auth:21.0.6] AndroidManifest.xml:29:13-46
172            android:exported="true"
172-->[com.google.firebase:firebase-auth:21.0.6] AndroidManifest.xml:30:13-36
173            android:launchMode="singleTask"
173-->[com.google.firebase:firebase-auth:21.0.6] AndroidManifest.xml:31:13-44
174            android:theme="@android:style/Theme.Translucent.NoTitleBar" >
174-->[com.google.firebase:firebase-auth:21.0.6] AndroidManifest.xml:32:13-72
175            <intent-filter>
175-->[com.google.firebase:firebase-auth:21.0.6] AndroidManifest.xml:33:13-43:29
176                <action android:name="android.intent.action.VIEW" />
176-->[com.google.firebase:firebase-inappmessaging-display:20.1.2] AndroidManifest.xml:16:13-65
176-->[com.google.firebase:firebase-inappmessaging-display:20.1.2] AndroidManifest.xml:16:21-62
177
178                <category android:name="android.intent.category.DEFAULT" />
178-->[com.google.firebase:firebase-auth:21.0.6] AndroidManifest.xml:36:17-76
178-->[com.google.firebase:firebase-auth:21.0.6] AndroidManifest.xml:36:27-73
179                <category android:name="android.intent.category.BROWSABLE" />
179-->[com.google.firebase:firebase-auth:21.0.6] AndroidManifest.xml:37:17-78
179-->[com.google.firebase:firebase-auth:21.0.6] AndroidManifest.xml:37:27-75
180
181                <data
181-->[com.google.firebase:firebase-inappmessaging-display:20.1.2] AndroidManifest.xml:18:13-44
182                    android:host="firebase.auth"
183                    android:path="/"
184                    android:scheme="genericidp" />
184-->[com.google.firebase:firebase-inappmessaging-display:20.1.2] AndroidManifest.xml:18:19-41
185            </intent-filter>
186        </activity>
187        <activity
187-->[com.google.firebase:firebase-auth:21.0.6] AndroidManifest.xml:45:9-62:20
188            android:name="com.google.firebase.auth.internal.RecaptchaActivity"
188-->[com.google.firebase:firebase-auth:21.0.6] AndroidManifest.xml:46:13-79
189            android:excludeFromRecents="true"
189-->[com.google.firebase:firebase-auth:21.0.6] AndroidManifest.xml:47:13-46
190            android:exported="true"
190-->[com.google.firebase:firebase-auth:21.0.6] AndroidManifest.xml:48:13-36
191            android:launchMode="singleTask"
191-->[com.google.firebase:firebase-auth:21.0.6] AndroidManifest.xml:49:13-44
192            android:theme="@android:style/Theme.Translucent.NoTitleBar" >
192-->[com.google.firebase:firebase-auth:21.0.6] AndroidManifest.xml:50:13-72
193            <intent-filter>
193-->[com.google.firebase:firebase-auth:21.0.6] AndroidManifest.xml:51:13-61:29
194                <action android:name="android.intent.action.VIEW" />
194-->[com.google.firebase:firebase-inappmessaging-display:20.1.2] AndroidManifest.xml:16:13-65
194-->[com.google.firebase:firebase-inappmessaging-display:20.1.2] AndroidManifest.xml:16:21-62
195
196                <category android:name="android.intent.category.DEFAULT" />
196-->[com.google.firebase:firebase-auth:21.0.6] AndroidManifest.xml:36:17-76
196-->[com.google.firebase:firebase-auth:21.0.6] AndroidManifest.xml:36:27-73
197                <category android:name="android.intent.category.BROWSABLE" />
197-->[com.google.firebase:firebase-auth:21.0.6] AndroidManifest.xml:37:17-78
197-->[com.google.firebase:firebase-auth:21.0.6] AndroidManifest.xml:37:27-75
198
199                <data
199-->[com.google.firebase:firebase-inappmessaging-display:20.1.2] AndroidManifest.xml:18:13-44
200                    android:host="firebase.auth"
201                    android:path="/"
202                    android:scheme="recaptcha" />
202-->[com.google.firebase:firebase-inappmessaging-display:20.1.2] AndroidManifest.xml:18:19-41
203            </intent-filter>
204        </activity> <!-- Needs to be explicitly declared on P+ -->
205        <uses-library
205-->[com.google.android.gms:play-services-maps:18.0.2] AndroidManifest.xml:39:9-41:40
206            android:name="org.apache.http.legacy"
206-->[com.google.android.gms:play-services-maps:18.0.2] AndroidManifest.xml:40:13-50
207            android:required="false" />
207-->[com.google.android.gms:play-services-maps:18.0.2] AndroidManifest.xml:41:13-37
208
209        <provider
209-->[com.squareup.picasso:picasso:2.71828] AndroidManifest.xml:8:9-11:40
210            android:name="com.squareup.picasso.PicassoProvider"
210-->[com.squareup.picasso:picasso:2.71828] AndroidManifest.xml:9:13-64
211            android:authorities="com.example.bus_ticketapplication.com.squareup.picasso"
211-->[com.squareup.picasso:picasso:2.71828] AndroidManifest.xml:10:13-72
212            android:exported="false" />
212-->[com.squareup.picasso:picasso:2.71828] AndroidManifest.xml:11:13-37
213        <provider
213-->[com.google.firebase:firebase-common:20.1.1] AndroidManifest.xml:26:9-31:39
214            android:name="com.google.firebase.provider.FirebaseInitProvider"
214-->[com.google.firebase:firebase-common:20.1.1] AndroidManifest.xml:27:13-77
215            android:authorities="com.example.bus_ticketapplication.firebaseinitprovider"
215-->[com.google.firebase:firebase-common:20.1.1] AndroidManifest.xml:28:13-72
216            android:directBootAware="true"
216-->[com.google.firebase:firebase-common:20.1.1] AndroidManifest.xml:29:13-43
217            android:exported="false"
217-->[com.google.firebase:firebase-common:20.1.1] AndroidManifest.xml:30:13-37
218            android:initOrder="100" />
218-->[com.google.firebase:firebase-common:20.1.1] AndroidManifest.xml:31:13-36
219
220        <activity
220-->[com.google.android.gms:play-services-base:18.0.1] AndroidManifest.xml:20:9-22:45
221            android:name="com.google.android.gms.common.api.GoogleApiActivity"
221-->[com.google.android.gms:play-services-base:18.0.1] AndroidManifest.xml:20:19-85
222            android:exported="false"
222-->[com.google.android.gms:play-services-base:18.0.1] AndroidManifest.xml:22:19-43
223            android:theme="@android:style/Theme.Translucent.NoTitleBar" />
223-->[com.google.android.gms:play-services-base:18.0.1] AndroidManifest.xml:21:19-78
224
225        <receiver
225-->[com.google.android.gms:play-services-measurement:21.0.0] AndroidManifest.xml:29:9-33:20
226            android:name="com.google.android.gms.measurement.AppMeasurementReceiver"
226-->[com.google.android.gms:play-services-measurement:21.0.0] AndroidManifest.xml:30:13-85
227            android:enabled="true"
227-->[com.google.android.gms:play-services-measurement:21.0.0] AndroidManifest.xml:31:13-35
228            android:exported="false" >
228-->[com.google.android.gms:play-services-measurement:21.0.0] AndroidManifest.xml:32:13-37
229        </receiver>
230
231        <service
231-->[com.google.android.gms:play-services-measurement:21.0.0] AndroidManifest.xml:35:9-38:40
232            android:name="com.google.android.gms.measurement.AppMeasurementService"
232-->[com.google.android.gms:play-services-measurement:21.0.0] AndroidManifest.xml:36:13-84
233            android:enabled="true"
233-->[com.google.android.gms:play-services-measurement:21.0.0] AndroidManifest.xml:37:13-35
234            android:exported="false" />
234-->[com.google.android.gms:play-services-measurement:21.0.0] AndroidManifest.xml:38:13-37
235        <service
235-->[com.google.android.gms:play-services-measurement:21.0.0] AndroidManifest.xml:39:9-43:72
236            android:name="com.google.android.gms.measurement.AppMeasurementJobService"
236-->[com.google.android.gms:play-services-measurement:21.0.0] AndroidManifest.xml:40:13-87
237            android:enabled="true"
237-->[com.google.android.gms:play-services-measurement:21.0.0] AndroidManifest.xml:41:13-35
238            android:exported="false"
238-->[com.google.android.gms:play-services-measurement:21.0.0] AndroidManifest.xml:42:13-37
239            android:permission="android.permission.BIND_JOB_SERVICE" />
239-->[com.google.android.gms:play-services-measurement:21.0.0] AndroidManifest.xml:43:13-69
240
241        <meta-data
241-->[com.google.android.gms:play-services-basement:18.0.0] AndroidManifest.xml:21:9-23:69
242            android:name="com.google.android.gms.version"
242-->[com.google.android.gms:play-services-basement:18.0.0] AndroidManifest.xml:22:13-58
243            android:value="@integer/google_play_services_version" />
243-->[com.google.android.gms:play-services-basement:18.0.0] AndroidManifest.xml:23:13-66
244
245        <provider
245-->[androidx.emoji2:emoji2:1.0.0] AndroidManifest.xml:26:9-34:20
246            android:name="androidx.startup.InitializationProvider"
246-->[androidx.emoji2:emoji2:1.0.0] AndroidManifest.xml:27:13-67
247            android:authorities="com.example.bus_ticketapplication.androidx-startup"
247-->[androidx.emoji2:emoji2:1.0.0] AndroidManifest.xml:28:13-68
248            android:exported="false" >
248-->[androidx.emoji2:emoji2:1.0.0] AndroidManifest.xml:29:13-37
249            <meta-data
249-->[androidx.emoji2:emoji2:1.0.0] AndroidManifest.xml:31:13-33:52
250                android:name="androidx.emoji2.text.EmojiCompatInitializer"
250-->[androidx.emoji2:emoji2:1.0.0] AndroidManifest.xml:32:17-75
251                android:value="androidx.startup" />
251-->[androidx.emoji2:emoji2:1.0.0] AndroidManifest.xml:33:17-49
252            <meta-data
252-->[androidx.lifecycle:lifecycle-process:2.4.0] AndroidManifest.xml:31:13-33:52
253                android:name="androidx.lifecycle.ProcessLifecycleInitializer"
253-->[androidx.lifecycle:lifecycle-process:2.4.0] AndroidManifest.xml:32:17-78
254                android:value="androidx.startup" />
254-->[androidx.lifecycle:lifecycle-process:2.4.0] AndroidManifest.xml:33:17-49
255        </provider>
256
257        <service
257-->[com.google.android.datatransport:transport-backend-cct:3.1.1] AndroidManifest.xml:29:9-35:19
258            android:name="com.google.android.datatransport.runtime.backends.TransportBackendDiscovery"
258-->[com.google.android.datatransport:transport-backend-cct:3.1.1] AndroidManifest.xml:30:13-103
259            android:exported="false" >
259-->[com.google.android.datatransport:transport-backend-cct:3.1.1] AndroidManifest.xml:31:13-37
260            <meta-data
260-->[com.google.android.datatransport:transport-backend-cct:3.1.1] AndroidManifest.xml:32:13-34:39
261                android:name="backend:com.google.android.datatransport.cct.CctBackendFactory"
261-->[com.google.android.datatransport:transport-backend-cct:3.1.1] AndroidManifest.xml:33:17-94
262                android:value="cct" />
262-->[com.google.android.datatransport:transport-backend-cct:3.1.1] AndroidManifest.xml:34:17-36
263        </service>
264        <service
264-->[com.google.android.datatransport:transport-runtime:3.1.1] AndroidManifest.xml:26:9-30:19
265            android:name="com.google.android.datatransport.runtime.scheduling.jobscheduling.JobInfoSchedulerService"
265-->[com.google.android.datatransport:transport-runtime:3.1.1] AndroidManifest.xml:27:13-117
266            android:exported="false"
266-->[com.google.android.datatransport:transport-runtime:3.1.1] AndroidManifest.xml:28:13-37
267            android:permission="android.permission.BIND_JOB_SERVICE" >
267-->[com.google.android.datatransport:transport-runtime:3.1.1] AndroidManifest.xml:29:13-69
268        </service>
269
270        <receiver